[2025-12-24 09:56:06,187: DEBUG/MainProcess] | Worker: Preparing bootsteps.
[2025-12-24 09:56:06,188: DEBUG/MainProcess] | Worker: Building graph...
[2025-12-24 09:56:06,188: DEBUG/MainProcess] | Worker: New boot order: {Timer, Hub, Pool, Autoscaler, Beat, StateDB, Consumer}
[2025-12-24 09:56:06,193: DEBUG/MainProcess] | Consumer: Preparing bootsteps.
[2025-12-24 09:56:06,193: DEBUG/MainProcess] | Consumer: Building graph...
[2025-12-24 09:56:06,200: DEBUG/MainProcess] | Consumer: New boot order: {Connection, Events, Heart, Agent, Mingle, Tasks, DelayedDelivery, Control, Gossip, event loop}
 
 -------------- celery@Ubuntu2004 v5.5.3 (immunity)
--- ***** ----- 
-- ******* ---- Linux-5.15.0-105-generic-x86_64-with-glibc2.31 2025-12-24 09:56:06
- *** --- * --- 
- ** ---------- [config]
- ** ---------- .> app:         graphrag_service:0x7f9e922e3ee0
- ** ---------- .> transport:   redis://localhost:6379/0
- ** ---------- .> results:     redis://localhost:6379/1
- *** --- * --- .> concurrency: 96 (solo)
-- ******* ---- .> task events: OFF (enable -E to monitor tasks in this worker)
--- ***** ----- 
 -------------- [queues]
                .> celery           exchange=celery(direct) key=celery
                

[tasks]
  . celery.accumulate
  . celery.backend_cleanup
  . celery.chain
  . celery.chord
  . celery.chord_unlock
  . celery.chunks
  . celery.group
  . celery.map
  . celery.starmap
  . graphrag.build_index
  . graphrag.query

[2025-12-24 09:56:06,208: DEBUG/MainProcess] | Worker: Starting Hub
[2025-12-24 09:56:06,208: DEBUG/MainProcess] ^-- substep ok
[2025-12-24 09:56:06,208: DEBUG/MainProcess] | Worker: Starting Pool
[2025-12-24 09:56:06,208: DEBUG/MainProcess] ^-- substep ok
[2025-12-24 09:56:06,208: DEBUG/MainProcess] | Worker: Starting Consumer
[2025-12-24 09:56:06,208: DEBUG/MainProcess] | Consumer: Starting Connection
[2025-12-24 09:56:06,215: INFO/MainProcess] Connected to redis://localhost:6379/0
[2025-12-24 09:56:06,216: DEBUG/MainProcess] ^-- substep ok
[2025-12-24 09:56:06,216: DEBUG/MainProcess] | Consumer: Starting Events
[2025-12-24 09:56:06,220: DEBUG/MainProcess] ^-- substep ok
[2025-12-24 09:56:06,220: DEBUG/MainProcess] | Consumer: Starting Heart
[2025-12-24 09:56:06,223: DEBUG/MainProcess] ^-- substep ok
[2025-12-24 09:56:06,223: DEBUG/MainProcess] | Consumer: Starting Mingle
[2025-12-24 09:56:06,223: INFO/MainProcess] mingle: searching for neighbors
[2025-12-24 09:56:07,237: INFO/MainProcess] mingle: all alone
[2025-12-24 09:56:07,237: DEBUG/MainProcess] ^-- substep ok
[2025-12-24 09:56:07,237: DEBUG/MainProcess] | Consumer: Starting Tasks
[2025-12-24 09:56:07,244: DEBUG/MainProcess] ^-- substep ok
[2025-12-24 09:56:07,245: DEBUG/MainProcess] | Consumer: Starting Control
[2025-12-24 09:56:07,252: DEBUG/MainProcess] ^-- substep ok
[2025-12-24 09:56:07,252: DEBUG/MainProcess] | Consumer: Starting Gossip
[2025-12-24 09:56:07,258: DEBUG/MainProcess] ^-- substep ok
[2025-12-24 09:56:07,258: DEBUG/MainProcess] | Consumer: Starting event loop
[2025-12-24 09:56:07,258: DEBUG/MainProcess] | Worker: Hub.register Pool...
[2025-12-24 09:56:07,258: INFO/MainProcess] celery@Ubuntu2004 ready.
[2025-12-24 09:56:07,258: DEBUG/MainProcess] basic.qos: prefetch_count->384

worker: Hitting Ctrl+C again will initiate cold shutdown, terminating all running tasks!

worker: Warm shutdown (MainProcess)
[2025-12-24 09:56:59,779: DEBUG/MainProcess] | Worker: Closing Hub...
[2025-12-24 09:56:59,780: DEBUG/MainProcess] | Worker: Closing Pool...
[2025-12-24 09:56:59,780: DEBUG/MainProcess] | Worker: Closing Consumer...
[2025-12-24 09:56:59,780: DEBUG/MainProcess] | Worker: Stopping Consumer...
[2025-12-24 09:56:59,780: DEBUG/MainProcess] | Consumer: Closing Connection...
[2025-12-24 09:56:59,780: DEBUG/MainProcess] | Consumer: Closing Events...
[2025-12-24 09:56:59,781: DEBUG/MainProcess] | Consumer: Closing Heart...
[2025-12-24 09:56:59,781: DEBUG/MainProcess] | Consumer: Closing Mingle...
[2025-12-24 09:56:59,781: DEBUG/MainProcess] | Consumer: Closing Tasks...
[2025-12-24 09:56:59,781: DEBUG/MainProcess] | Consumer: Closing Control...
[2025-12-24 09:56:59,781: DEBUG/MainProcess] | Consumer: Closing Gossip...
[2025-12-24 09:56:59,781: DEBUG/MainProcess] | Consumer: Closing event loop...
[2025-12-24 09:56:59,781: DEBUG/MainProcess] | Consumer: Stopping event loop...
[2025-12-24 09:56:59,781: DEBUG/MainProcess] | Consumer: Stopping Gossip...
[2025-12-24 09:56:59,786: DEBUG/MainProcess] | Consumer: Stopping Control...
[2025-12-24 09:56:59,789: DEBUG/MainProcess] | Consumer: Stopping Tasks...
[2025-12-24 09:56:59,790: DEBUG/MainProcess] Canceling task consumer...
[2025-12-24 09:56:59,790: DEBUG/MainProcess] | Consumer: Stopping Mingle...
[2025-12-24 09:56:59,790: DEBUG/MainProcess] | Consumer: Stopping Heart...
[2025-12-24 09:56:59,792: DEBUG/MainProcess] | Consumer: Stopping Events...
[2025-12-24 09:56:59,792: DEBUG/MainProcess] | Consumer: Stopping Connection...
[2025-12-24 09:56:59,792: DEBUG/MainProcess] | Worker: Stopping Pool...
[2025-12-24 09:56:59,792: DEBUG/MainProcess] | Worker: Stopping Hub...
[2025-12-24 09:56:59,792: DEBUG/MainProcess] | Consumer: Shutdown Gossip...
[2025-12-24 09:56:59,792: DEBUG/MainProcess] | Consumer: Shutdown Control...
[2025-12-24 09:56:59,793: DEBUG/MainProcess] | Consumer: Shutdown Tasks...
[2025-12-24 09:56:59,793: DEBUG/MainProcess] Canceling task consumer...
[2025-12-24 09:56:59,793: DEBUG/MainProcess] Closing consumer channel...
[2025-12-24 09:56:59,793: DEBUG/MainProcess] | Consumer: Shutdown Heart...
[2025-12-24 09:56:59,793: DEBUG/MainProcess] | Consumer: Shutdown Events...
[2025-12-24 09:56:59,793: DEBUG/MainProcess] | Consumer: Shutdown Connection...
